<?xml version="1.0" encoding="UTF-8" standalone="no"?>
<testsuite failures="0" name="cucumber.runtime.formatter.JUnitFormatter" skipped="0" tests="5" time="0.032585">
<testcase classname="HubSpot login feature  testing" name="Login with correct username and correct password" time="0.02424">
<system-out><![CDATA[Given This is a valid test case.............................................skipped
]]></system-out>
</testcase>
<testcase classname="HubSpot login feature  testing" name="Login with correct username and incorrect password" time="0.002185">
<system-out><![CDATA[Given This is a invalid test case...........................................skipped
]]></system-out>
</testcase>
<testcase classname="HubSpot login feature  testing" name="Login with incorrect username and incorrect password" time="0.002805">
<system-out><![CDATA[Given This is a invalid test case...........................................skipped
]]></system-out>
</testcase>
<testcase classname="HubSpot login feature  testing" name="Login with blank username and correct password" time="0.00194">
<system-out><![CDATA[Given This is a invalid test case...........................................skipped
]]></system-out>
</testcase>
<testcase classname="HubSpot login feature  testing" name="Login with correct username and blank password" time="0.001415">
<system-out><![CDATA[Given This is a invalid test case...........................................skipped
]]></system-out>
</testcase>
</testsuite>
